<?xml version="1.0" encoding="UTF-8"?>
<testng-results ignored="0" total="1" passed="1" failed="0" skipped="0">
  <reporter-output>
  </reporter-output>
  <suite started-at="2021-11-07T14:19:42 IST" name="Default suite" finished-at="2021-11-07T14:19:49 IST" duration-ms="6379">
    <groups>
    </groups>
    <test started-at="2021-11-07T14:19:42 IST" name="Default test" finished-at="2021-11-07T14:19:49 IST" duration-ms="6379">
      <class name="com.qa.rest.tests.GetCallBDD">
        <test-method signature="test_numberOfCircuitsFor2017_Season()[pri:0, instance:com.qa.rest.tests.GetCallBDD@52102734]" started-at="2021-11-07T14:19:42 IST" name="test_numberOfCircuitsFor2017_Season" finished-at="2021-11-07T14:19:49 IST" duration-ms="6314" status="PASS">
          <reporter-output>
          </reporter-output>
        </test-method> <!-- test_numberOfCircuitsFor2017_Season -->
      </class> <!-- com.qa.rest.tests.GetCallBDD -->
    </test> <!-- Default test -->
  </suite> <!-- Default suite -->
</testng-results>
